
**** Build of configuration Release for project blinky ****

"C:\\ti\\ccsv8\\utils\\bin\\gmake" -k all 
 
Building file: "../lab1.pinmux"
Invoking: System Configuration Tool
"C:/ti/ccsv8/tools/node/node.exe" "C:/ti/ccsv8/utils/sysconfig/cli.js" -o "syscfg" "../lab1.pinmux"
Running script...
Validating...
Generating Code...
Writing c:\Users\Brian Dang\Documents\eec172\lab1_2\blinky\Release\syscfg\pin_mux_config.c...
Writing c:\Users\Brian Dang\Documents\eec172\lab1_2\blinky\Release\syscfg\pin_mux_config.h...
Writing c:\Users\Brian Dang\Documents\eec172\lab1_2\blinky\Release\syscfg\rom_pin_mux_config.c...
Writing c:\Users\Brian Dang\Documents\eec172\lab1_2\blinky\Release\syscfg\summary.csv...
Finished building: "../lab1.pinmux"
 
Building file: "syscfg/pin_mux_config.c"
Invoking: ARM Compiler
"C:/ti/ccsv8/tools/compiler/ti-cgt-arm_18.1.4.LTS/bin/armcl" -mv7M4 --code_state=16 --float_support=FPv4SPD16 -me -Ooff --include_path="C:/ti/ccsv8/tools/compiler/ti-cgt-arm_18.1.4.LTS/include" --include_path="C:/ti/CC3200SDK_1.3.0/cc3200-sdk/example/common" --include_path="C:/ti/CC3200SDK_1.3.0/cc3200-sdk/driverlib" --include_path="C:/ti/CC3200SDK_1.3.0/cc3200-sdk/inc" --define=ccs --define=NON_NETWORK --define=cc3200 -g --gcc --diag_warning=225 --diag_wrap=off --display_error_number --abi=eabi --preproc_with_compile --preproc_dependency="syscfg/pin_mux_config.d_raw" --include_path="C:/Users/Brian Dang/Documents/eec172/lab1_2/blinky/Release/syscfg" --obj_directory="syscfg"  "syscfg/pin_mux_config.c"
Finished building: "syscfg/pin_mux_config.c"
 
Building file: "syscfg/rom_pin_mux_config.c"
Invoking: ARM Compiler
"C:/ti/ccsv8/tools/compiler/ti-cgt-arm_18.1.4.LTS/bin/armcl" -mv7M4 --code_state=16 --float_support=FPv4SPD16 -me -Ooff --include_path="C:/ti/ccsv8/tools/compiler/ti-cgt-arm_18.1.4.LTS/include" --include_path="C:/ti/CC3200SDK_1.3.0/cc3200-sdk/example/common" --include_path="C:/ti/CC3200SDK_1.3.0/cc3200-sdk/driverlib" --include_path="C:/ti/CC3200SDK_1.3.0/cc3200-sdk/inc" --define=ccs --define=NON_NETWORK --define=cc3200 -g --gcc --diag_warning=225 --diag_wrap=off --display_error_number --abi=eabi --preproc_with_compile --preproc_dependency="syscfg/rom_pin_mux_config.d_raw" --include_path="C:/Users/Brian Dang/Documents/eec172/lab1_2/blinky/Release/syscfg" --obj_directory="syscfg"  "syscfg/rom_pin_mux_config.c"
Finished building: "syscfg/rom_pin_mux_config.c"
 
Building file: "../main.c"
Invoking: ARM Compiler
"C:/ti/ccsv8/tools/compiler/ti-cgt-arm_18.1.4.LTS/bin/armcl" -mv7M4 --code_state=16 --float_support=FPv4SPD16 -me -Ooff --include_path="C:/ti/ccsv8/tools/compiler/ti-cgt-arm_18.1.4.LTS/include" --include_path="C:/ti/CC3200SDK_1.3.0/cc3200-sdk/example/common" --include_path="C:/ti/CC3200SDK_1.3.0/cc3200-sdk/driverlib" --include_path="C:/ti/CC3200SDK_1.3.0/cc3200-sdk/inc" --define=ccs --define=NON_NETWORK --define=cc3200 -g --gcc --diag_warning=225 --diag_wrap=off --display_error_number --abi=eabi --preproc_with_compile --preproc_dependency="main.d_raw" --include_path="C:/Users/Brian Dang/Documents/eec172/lab1_2/blinky/Release/syscfg"  "../main.c"
"../main.c", line 139: warning #225-D: function "sw3pushed" declared implicitly
"../main.c", line 145: warning #161-D: declaration is incompatible with previous "sw3pushed" (declared at line 139)
Finished building: "../main.c"
 
Building file: "../pin_mux_config.c"
Invoking: ARM Compiler
"C:/ti/ccsv8/tools/compiler/ti-cgt-arm_18.1.4.LTS/bin/armcl" -mv7M4 --code_state=16 --float_support=FPv4SPD16 -me -Ooff --include_path="C:/ti/ccsv8/tools/compiler/ti-cgt-arm_18.1.4.LTS/include" --include_path="C:/ti/CC3200SDK_1.3.0/cc3200-sdk/example/common" --include_path="C:/ti/CC3200SDK_1.3.0/cc3200-sdk/driverlib" --include_path="C:/ti/CC3200SDK_1.3.0/cc3200-sdk/inc" --define=ccs --define=NON_NETWORK --define=cc3200 -g --gcc --diag_warning=225 --diag_wrap=off --display_error_number --abi=eabi --preproc_with_compile --preproc_dependency="pin_mux_config.d_raw" --include_path="C:/Users/Brian Dang/Documents/eec172/lab1_2/blinky/Release/syscfg"  "../pin_mux_config.c"
Finished building: "../pin_mux_config.c"
 
Building target: "blinky.out"
Invoking: ARM Linker
"C:/ti/ccsv8/tools/compiler/ti-cgt-arm_18.1.4.LTS/bin/armcl" -mv7M4 --code_state=16 --float_support=FPv4SPD16 -me -Ooff --define=ccs --define=NON_NETWORK --define=cc3200 -g --gcc --diag_warning=225 --diag_wrap=off --display_error_number --abi=eabi -z -m"blinky.map" --heap_size=0x800 --stack_size=0x800 -i"C:/ti/ccsv8/tools/compiler/ti-cgt-arm_18.1.4.LTS/lib" -i"C:/ti/CC3200SDK_1.3.0/cc3200-sdk/driverlib/ccs/Release" -i"C:/ti/ccsv8/tools/compiler/ti-cgt-arm_18.1.4.LTS/include" --reread_libs --diag_wrap=off --display_error_number --warn_sections --xml_link_info="blinky_linkInfo.xml" --rom_model -o "blinky.out" "./gpio_if.obj" "./syscfg/pin_mux_config.obj" "./syscfg/rom_pin_mux_config.obj" "./main.obj" "./pin_mux_config.obj" "./startup_ccs.obj" "./uart_if.obj" "../cc3200v1p32.cmd"  -llibc.a -ldriverlib.a 
<Linking>
error #10056: symbol "PinMuxConfig" redefined: first defined in "./syscfg/pin_mux_config.obj"; redefined in "./syscfg/rom_pin_mux_config.obj"
error #10056: symbol "PinMuxConfig" redefined: first defined in "./syscfg/pin_mux_config.obj"; redefined in "./pin_mux_config.obj"
error #10010: errors encountered during linking; "blinky.out" not built
 
>> Compilation failure
makefile:147: recipe for target 'blinky.out' failed
gmake: *** [blinky.out] Error 1
gmake: Target 'all' not remade because of errors.

**** Build Finished ****
