
**** Clean-only build of configuration Release for project uart_demo ****

"C:\\ti\\ccsv8\\utils\\bin\\gmake" -k clean 
 
gmake: *** No rule to make target 'clean'.

**** Build Finished ****
Buildfile generation error occurred..
This project was created using a version of compiler that is not currently installed - 5.2.6 [ARM]:
- See 'Help > Install New Software' and select 'Code Generation Tools Updates' to check if this compiler is available through a CCS update.
- Visit CCS App Center to get the latest compiler support.
- Or download and install the compiler [http://software-dl.ti.com/codegen/non-esd/downloads], then register it with CCS through 'Preferences > CCS > Build > Compilers'.
Build stopped..

**** Clean-only build of configuration Release for project uart_demo ****

"C:\\ti\\ccsv8\\utils\\bin\\gmake" -k clean 
 
DEL /F  "uart_demo.bin"  "uart_demo.out" 
DEL /F "main.obj" "pinmux.obj" "startup_ccs.obj" "uart_if.obj" 
DEL /F "main.d" "pinmux.d" "startup_ccs.d" "uart_if.d" 
Could Not Find C:\Users\Brian Dang\Documents\eec172\lab1_2\uart_demo\Release\main.obj
Could Not Find C:\Users\Brian Dang\Documents\eec172\lab1_2\uart_demo\Release\main.d
Finished clean
 

**** Build Finished ****
Buildfile generation error occurred..
This project was created using a version of compiler that is not currently installed - 5.2.6 [ARM]:
- See 'Help > Install New Software' and select 'Code Generation Tools Updates' to check if this compiler is available through a CCS update.
- Visit CCS App Center to get the latest compiler support.
- Or download and install the compiler [http://software-dl.ti.com/codegen/non-esd/downloads], then register it with CCS through 'Preferences > CCS > Build > Compilers'.
Build stopped..

**** Clean-only build of configuration Release for project uart_demo ****

"C:\\ti\\ccsv8\\utils\\bin\\gmake" -k clean 
 
DEL /F  "uart_demo.bin"  "uart_demo.out" 
DEL /F "main.obj" "pinmux.obj" "startup_ccs.obj" "uart_if.obj" 
DEL /F "main.d" "pinmux.d" "startup_ccs.d" "uart_if.d" 
Could Not Find C:\Users\Brian Dang\Documents\eec172\lab1_2\uart_demo\Release\uart_demo.bin
Could Not Find C:\Users\Brian Dang\Documents\eec172\lab1_2\uart_demo\Release\main.obj
Could Not Find C:\Users\Brian Dang\Documents\eec172\lab1_2\uart_demo\Release\main.d
Finished clean
 

**** Build Finished ****

**** Build of configuration Release for project uart_demo ****

"C:\\ti\\ccsv8\\utils\\bin\\gmake" -k all 
 
Building file: "../main.c"
Invoking: ARM Compiler
"C:/ti/ccsv8/tools/compiler/ti-cgt-arm_18.1.4.LTS/bin/armcl" -mv7M4 --code_state=16 --float_support=FPv4SPD16 -me -Ooff --include_path="C:/ti/ccsv8/tools/compiler/ti-cgt-arm_18.1.4.LTS/include" --include_path="C:/ti/CC3200SDK_1.3.0/cc3200-sdk/driverlib/" --include_path="C:/ti/CC3200SDK_1.3.0/cc3200-sdk/inc/" --include_path="C:/ti/CC3200SDK_1.3.0/cc3200-sdk/example/common" --define=ccs --define=cc3200 -g --gcc --printf_support=full --diag_warning=225 --diag_wrap=off --display_error_number --abi=eabi --preproc_with_compile --preproc_dependency="main.d_raw"  "../main.c"
Finished building: "../main.c"
 
Building file: "../pinmux.c"
Invoking: ARM Compiler
"C:/ti/ccsv8/tools/compiler/ti-cgt-arm_18.1.4.LTS/bin/armcl" -mv7M4 --code_state=16 --float_support=FPv4SPD16 -me -Ooff --include_path="C:/ti/ccsv8/tools/compiler/ti-cgt-arm_18.1.4.LTS/include" --include_path="C:/ti/CC3200SDK_1.3.0/cc3200-sdk/driverlib/" --include_path="C:/ti/CC3200SDK_1.3.0/cc3200-sdk/inc/" --include_path="C:/ti/CC3200SDK_1.3.0/cc3200-sdk/example/common" --define=ccs --define=cc3200 -g --gcc --printf_support=full --diag_warning=225 --diag_wrap=off --display_error_number --abi=eabi --preproc_with_compile --preproc_dependency="pinmux.d_raw"  "../pinmux.c"
Finished building: "../pinmux.c"
 
Building file: "C:/ti/CC3200SDK_1.3.0/cc3200-sdk/example/common/startup_ccs.c"
Invoking: ARM Compiler
"C:/ti/ccsv8/tools/compiler/ti-cgt-arm_18.1.4.LTS/bin/armcl" -mv7M4 --code_state=16 --float_support=FPv4SPD16 -me -Ooff --include_path="C:/ti/ccsv8/tools/compiler/ti-cgt-arm_18.1.4.LTS/include" --include_path="C:/ti/CC3200SDK_1.3.0/cc3200-sdk/driverlib/" --include_path="C:/ti/CC3200SDK_1.3.0/cc3200-sdk/inc/" --include_path="C:/ti/CC3200SDK_1.3.0/cc3200-sdk/example/common" --define=ccs --define=cc3200 -g --gcc --printf_support=full --diag_warning=225 --diag_wrap=off --display_error_number --abi=eabi --preproc_with_compile --preproc_dependency="startup_ccs.d_raw"  "C:/ti/CC3200SDK_1.3.0/cc3200-sdk/example/common/startup_ccs.c"
Finished building: "C:/ti/CC3200SDK_1.3.0/cc3200-sdk/example/common/startup_ccs.c"
 
Building file: "C:/ti/CC3200SDK_1.3.0/cc3200-sdk/example/common/uart_if.c"
Invoking: ARM Compiler
"C:/ti/ccsv8/tools/compiler/ti-cgt-arm_18.1.4.LTS/bin/armcl" -mv7M4 --code_state=16 --float_support=FPv4SPD16 -me -Ooff --include_path="C:/ti/ccsv8/tools/compiler/ti-cgt-arm_18.1.4.LTS/include" --include_path="C:/ti/CC3200SDK_1.3.0/cc3200-sdk/driverlib/" --include_path="C:/ti/CC3200SDK_1.3.0/cc3200-sdk/inc/" --include_path="C:/ti/CC3200SDK_1.3.0/cc3200-sdk/example/common" --define=ccs --define=cc3200 -g --gcc --printf_support=full --diag_warning=225 --diag_wrap=off --display_error_number --abi=eabi --preproc_with_compile --preproc_dependency="uart_if.d_raw"  "C:/ti/CC3200SDK_1.3.0/cc3200-sdk/example/common/uart_if.c"
Finished building: "C:/ti/CC3200SDK_1.3.0/cc3200-sdk/example/common/uart_if.c"
 
Building target: "uart_demo.out"
Invoking: ARM Linker
"C:/ti/ccsv8/tools/compiler/ti-cgt-arm_18.1.4.LTS/bin/armcl" -mv7M4 --code_state=16 --float_support=FPv4SPD16 -me -Ooff --define=ccs --define=cc3200 -g --gcc --printf_support=full --diag_warning=225 --diag_wrap=off --display_error_number --abi=eabi -z -m"uart_demo.map" --heap_size=0x800 --stack_size=0x100 -i"C:/ti/ccsv8/tools/compiler/ti-cgt-arm_18.1.4.LTS/lib" -i"C:/ti/ccsv8/tools/compiler/ti-cgt-arm_18.1.4.LTS/include" --reread_libs --diag_wrap=off --display_error_number --warn_sections --xml_link_info="uart_demo_linkInfo.xml" --rom_model -o "uart_demo.out" "./main.obj" "./pinmux.obj" "./startup_ccs.obj" "./uart_if.obj" "../cc3200v1p32.cmd"  -llibc.a -l"C:/ti/CC3200SDK_1.3.0/cc3200-sdk/driverlib/ccs/Release/driverlib.a" 
<Linking>
Finished building target: "uart_demo.out"
 
"C:/ti/ccsv8/utils/tiobj2bin/tiobj2bin" "uart_demo.out" "uart_demo.bin" "C:/ti/ccsv8/tools/compiler/ti-cgt-arm_18.1.4.LTS/bin/armofd" "C:/ti/ccsv8/tools/compiler/ti-cgt-arm_18.1.4.LTS/bin/armhex" "C:/ti/ccsv8/utils/tiobj2bin/mkhex4bin"
 

**** Build Finished ****

**** Build of configuration Release for project uart_demo ****

"C:\\ti\\ccsv8\\utils\\bin\\gmake" -k all 
 
gmake: Nothing to be done for 'all'.

**** Build Finished ****

**** Clean-only build of configuration Release for project blinky ****

"C:\\ti\\ccsv8\\utils\\bin\\gmake" -k clean 
 
gmake: *** No rule to make target 'clean'.

**** Build Finished ****

**** Build of configuration Release for project blinky ****

"C:\\ti\\ccsv8\\utils\\bin\\gmake" -k all 
 
Building file: "C:/ti/CC3200SDK_1.3.0/cc3200-sdk/example/common/gpio_if.c"
Invoking: ARM Compiler
"C:/ti/ccsv8/tools/compiler/ti-cgt-arm_18.1.4.LTS/bin/armcl" -mv7M4 --code_state=16 --float_support=FPv4SPD16 -me -Ooff --include_path="C:/ti/ccsv8/tools/compiler/ti-cgt-arm_18.1.4.LTS/include" --include_path="C:/ti/CC3200SDK_1.3.0/cc3200-sdk/example/common" --include_path="C:/ti/CC3200SDK_1.3.0/cc3200-sdk/driverlib" --include_path="C:/ti/CC3200SDK_1.3.0/cc3200-sdk/inc" --define=ccs --define=NON_NETWORK --define=cc3200 -g --gcc --diag_warning=225 --diag_wrap=off --display_error_number --abi=eabi --preproc_with_compile --preproc_dependency="gpio_if.d_raw"  "C:/ti/CC3200SDK_1.3.0/cc3200-sdk/example/common/gpio_if.c"
Finished building: "C:/ti/CC3200SDK_1.3.0/cc3200-sdk/example/common/gpio_if.c"
 
Building file: "../main.c"
Invoking: ARM Compiler
"C:/ti/ccsv8/tools/compiler/ti-cgt-arm_18.1.4.LTS/bin/armcl" -mv7M4 --code_state=16 --float_support=FPv4SPD16 -me -Ooff --include_path="C:/ti/ccsv8/tools/compiler/ti-cgt-arm_18.1.4.LTS/include" --include_path="C:/ti/CC3200SDK_1.3.0/cc3200-sdk/example/common" --include_path="C:/ti/CC3200SDK_1.3.0/cc3200-sdk/driverlib" --include_path="C:/ti/CC3200SDK_1.3.0/cc3200-sdk/inc" --define=ccs --define=NON_NETWORK --define=cc3200 -g --gcc --diag_warning=225 --diag_wrap=off --display_error_number --abi=eabi --preproc_with_compile --preproc_dependency="main.d_raw"  "../main.c"
Finished building: "../main.c"
 
Building file: "../pinmux.c"
Invoking: ARM Compiler
"C:/ti/ccsv8/tools/compiler/ti-cgt-arm_18.1.4.LTS/bin/armcl" -mv7M4 --code_state=16 --float_support=FPv4SPD16 -me -Ooff --include_path="C:/ti/ccsv8/tools/compiler/ti-cgt-arm_18.1.4.LTS/include" --include_path="C:/ti/CC3200SDK_1.3.0/cc3200-sdk/example/common" --include_path="C:/ti/CC3200SDK_1.3.0/cc3200-sdk/driverlib" --include_path="C:/ti/CC3200SDK_1.3.0/cc3200-sdk/inc" --define=ccs --define=NON_NETWORK --define=cc3200 -g --gcc --diag_warning=225 --diag_wrap=off --display_error_number --abi=eabi --preproc_with_compile --preproc_dependency="pinmux.d_raw"  "../pinmux.c"
Finished building: "../pinmux.c"
 
Building file: "C:/ti/CC3200SDK_1.3.0/cc3200-sdk/example/common/startup_ccs.c"
Invoking: ARM Compiler
"C:/ti/ccsv8/tools/compiler/ti-cgt-arm_18.1.4.LTS/bin/armcl" -mv7M4 --code_state=16 --float_support=FPv4SPD16 -me -Ooff --include_path="C:/ti/ccsv8/tools/compiler/ti-cgt-arm_18.1.4.LTS/include" --include_path="C:/ti/CC3200SDK_1.3.0/cc3200-sdk/example/common" --include_path="C:/ti/CC3200SDK_1.3.0/cc3200-sdk/driverlib" --include_path="C:/ti/CC3200SDK_1.3.0/cc3200-sdk/inc" --define=ccs --define=NON_NETWORK --define=cc3200 -g --gcc --diag_warning=225 --diag_wrap=off --display_error_number --abi=eabi --preproc_with_compile --preproc_dependency="startup_ccs.d_raw"  "C:/ti/CC3200SDK_1.3.0/cc3200-sdk/example/common/startup_ccs.c"
Finished building: "C:/ti/CC3200SDK_1.3.0/cc3200-sdk/example/common/startup_ccs.c"
 
Building target: "blinky.out"
Invoking: ARM Linker
"C:/ti/ccsv8/tools/compiler/ti-cgt-arm_18.1.4.LTS/bin/armcl" -mv7M4 --code_state=16 --float_support=FPv4SPD16 -me -Ooff --define=ccs --define=NON_NETWORK --define=cc3200 -g --gcc --diag_warning=225 --diag_wrap=off --display_error_number --abi=eabi -z -m"blinky.map" --heap_size=0x800 --stack_size=0x800 -i"C:/ti/ccsv8/tools/compiler/ti-cgt-arm_18.1.4.LTS/lib" -i"C:/ti/CC3200SDK_1.3.0/cc3200-sdk/driverlib/ccs/Release" -i"C:/ti/ccsv8/tools/compiler/ti-cgt-arm_18.1.4.LTS/include" --reread_libs --diag_wrap=off --display_error_number --warn_sections --xml_link_info="blinky_linkInfo.xml" --rom_model -o "blinky.out" "./gpio_if.obj" "./main.obj" "./pinmux.obj" "./startup_ccs.obj" "../cc3200v1p32.cmd"  -llibc.a -ldriverlib.a 
<Linking>
Finished building target: "blinky.out"
 
"C:/ti/ccsv8/utils/tiobj2bin/tiobj2bin" "blinky.out" "blinky.bin" "C:/ti/ccsv8/tools/compiler/ti-cgt-arm_18.1.4.LTS/bin/armofd" "C:/ti/ccsv8/tools/compiler/ti-cgt-arm_18.1.4.LTS/bin/armhex" "C:/ti/ccsv8/utils/tiobj2bin/mkhex4bin"
 

**** Build Finished ****

**** Build of configuration Release for project blinky ****

"C:\\ti\\ccsv8\\utils\\bin\\gmake" -k all 
 
gmake: Nothing to be done for 'all'.

**** Build Finished ****
